2025-04-04 22:03:37,354 - INFO - Sending single transfer to 0x38979DFdB5d8FD76FAD4E797c4660e20015C6a84 on optimism
2025-04-04 22:03:57,226 - INFO - CCIP messageId (pre-send): 6c0fdb58c4cb0f630e112c8ee65a77725938e40d9f94af4d8ec64f364cdd8b1a
2025-04-04 22:03:58,261 - INFO - CCIP Transfer submitted (Type 2): da2bd1ab363988d7b7d15ba1a9fc0fefe928f25cf87036c7dc4fc1538ca064ef | View: https://ccip-bradford-solana-streams-chainlinklabs.vercel.app/tx/0xda2bd1ab363988d7b7d15ba1a9fc0fefe928f25cf87036c7dc4fc1538ca064ef
2025-04-04 22:03:58,262 - INFO - CCIP Transfer Submitted: None
2025-04-05 22:19:21,206 - INFO - Sending single transfer to 0x38979DFdB5d8FD76FAD4E797c4660e20015C6a84 on base
2025-04-05 22:19:37,606 - INFO - CCIP messageId (pre-send): 61b2ed1940e2327ba052b61b5a8d566168d2d1f53fb453d8cad767b9763de9a7
2025-04-05 22:19:39,032 - INFO - CCIP Transfer submitted (Type 2): e58d90682e81a1c224f8349d6ed1eda70f27af5bb6fd8cbca473623e67914f59 | View: https://ccip-bradford-solana-streams-chainlinklabs.vercel.app/tx/0xe58d90682e81a1c224f8349d6ed1eda70f27af5bb6fd8cbca473623e67914f59
2025-04-05 22:19:39,032 - INFO - CCIP Transfer Submitted: e58d90682e81a1c224f8349d6ed1eda70f27af5bb6fd8cbca473623e67914f59, Message ID: 61b2ed1940e2327ba052b61b5a8d566168d2d1f53fb453d8cad767b9763de9a7
2025-04-05 22:27:28,635 - INFO - Sending single transfer to 0x38979DFdB5d8FD76FAD4E797c4660e20015C6a84 on base
2025-04-05 22:27:47,979 - INFO - CCIP messageId (pre-send): 3bac0531313de7d24dcc9c036a431976e896413f2fd81a3586663ba09370ae06
2025-04-05 22:27:49,356 - WARNING - CCIP Transfer 1f7560c395aa0b6d4b17c91f9c455eaa286abb0a43a0432b0ca5c76459138fc4 was mined but failed (status=0). Investigate. | View: https://ccip-bradford-solana-streams-chainlinklabs.vercel.app/tx/0x1f7560c395aa0b6d4b17c91f9c455eaa286abb0a43a0432b0ca5c76459138fc4
2025-04-05 22:27:49,357 - INFO - CCIP Transfer Submitted: 1f7560c395aa0b6d4b17c91f9c455eaa286abb0a43a0432b0ca5c76459138fc4, Message ID: 3bac0531313de7d24dcc9c036a431976e896413f2fd81a3586663ba09370ae06
2025-04-05 22:29:12,701 - INFO - Sending single transfer to 0x38979DFdB5d8FD76FAD4E797c4660e20015C6a84 on base
2025-04-05 22:29:28,671 - INFO - CCIP messageId (pre-send): 3bac0531313de7d24dcc9c036a431976e896413f2fd81a3586663ba09370ae06
2025-04-05 22:29:30,240 - INFO - CCIP Transfer submitted (Type 2): ba860fa6f47d901f6d46d444a1f809800031fad4b62594458e9388eaafb8724e | View: https://ccip-bradford-solana-streams-chainlinklabs.vercel.app/tx/0xba860fa6f47d901f6d46d444a1f809800031fad4b62594458e9388eaafb8724e
2025-04-05 22:29:30,240 - INFO - CCIP Transfer Submitted: ba860fa6f47d901f6d46d444a1f809800031fad4b62594458e9388eaafb8724e, Message ID: 3bac0531313de7d24dcc9c036a431976e896413f2fd81a3586663ba09370ae06
2025-04-06 20:46:15,871 - INFO - Account Data: {'0x38979DFdB5d8FD76FAD4E797c4660e20015C6a84': {'ethereum': {'usdc': 0.0, 'native_token': 0.0, 'usd_balance': 0.0}, 'optimism': {'usdc': 24.0, 'native_token': 0.003123221328731566, 'usd_balance': 23.999184}, 'avalanche': {'usdc': 0.0, 'native_token': 0.0, 'usd_balance': 0.0}, 'arbitrum': {'usdc': 7.464262, 'native_token': 0.007353929458644933, 'usd_balance': 7.464008}, 'polygon': {'usdc': 0.0, 'native_token': 0.0, 'usd_balance': 0.0}, 'base': {'usdc': 2.0, 'native_token': 0.0, 'usd_balance': 1.999932}}, '0x58a4Cae5e8dDA3a5614972F34951e482a29ef0f0': {'ethereum': {'usdc': 0.0, 'native_token': 0.0, 'usd_balance': 0.0}, 'optimism': {'usdc': 0.0, 'native_token': 0.0005, 'usd_balance': 0.0}, 'avalanche': {'usdc': 0.0, 'native_token': 0.0, 'usd_balance': 0.0}, 'arbitrum': {'usdc': 2.0, 'native_token': 0.001, 'usd_balance': 1.999932}, 'polygon': {'usdc': 0.0, 'native_token': 0.0, 'usd_balance': 0.0}, 'base': {'usdc': 0.0, 'native_token': 0.0, 'usd_balance': 0.0}}, 'TOTAL USD VALUE': {'by_network': {'ethereum': 0.0, 'optimism': 24.0, 'avalanche': 0.0, 'arbitrum': 9.46, 'polygon': 0.0, 'base': 2.0}, 'total_usd': 35.46}, 'largest_balance_dict': {'max_wallet': '0x38979DFdB5d8FD76FAD4E797c4660e20015C6a84', 'account_index': 0, 'max_network': 'optimism', 'max_usdc_balance': 24.0}}
2025-04-06 20:46:15,872 - INFO - Largest Balance Info: {'max_wallet': '0x38979DFdB5d8FD76FAD4E797c4660e20015C6a84', 'account_index': 0, 'max_network': 'optimism', 'max_usdc_balance': 24.0}
2025-04-06 20:56:40,225 - INFO - Account Data: {'0x58a4Cae5e8dDA3a5614972F34951e482a29ef0f0': {'ethereum': {'usdc': 0.0, 'native_token': 0.0, 'usd_balance': 0.0}, 'optimism': {'usdc': 0.0, 'native_token': 0.0005, 'usd_balance': 0.0}, 'avalanche': {'usdc': 0.0, 'native_token': 0.0, 'usd_balance': 0.0}, 'arbitrum': {'usdc': 2.0, 'native_token': 0.001, 'usd_balance': 1.999978}, 'polygon': {'usdc': 0.0, 'native_token': 0.0, 'usd_balance': 0.0}, 'base': {'usdc': 0.0, 'native_token': 0.0, 'usd_balance': 0.0}}, 'TOTAL USD VALUE': {'by_network': {'ethereum': 0.0, 'optimism': 0.0, 'avalanche': 0.0, 'arbitrum': 2.0, 'polygon': 0.0, 'base': 0.0}, 'total_usd': 2.0}, 'largest_balance_dict': {'max_wallet': '0x58a4Cae5e8dDA3a5614972F34951e482a29ef0f0', 'account_index': 0, 'max_network': 'arbitrum', 'max_usdc_balance': 2.0}}
2025-04-06 20:56:40,226 - INFO - Largest Balance Info: {'max_wallet': '0x58a4Cae5e8dDA3a5614972F34951e482a29ef0f0', 'account_index': 0, 'max_network': 'arbitrum', 'max_usdc_balance': 2.0}
2025-04-06 21:03:33,569 - INFO - Account Data: {'0x38979DFdB5d8FD76FAD4E797c4660e20015C6a84': {'ethereum': {'usdc': 0.0, 'native_token': 0.0, 'usd_balance': 0.0}, 'optimism': {'usdc': 24.0, 'native_token': 0.003123221328731566, 'usd_balance': 23.999736}, 'avalanche': {'usdc': 0.0, 'native_token': 0.0, 'usd_balance': 0.0}, 'arbitrum': {'usdc': 7.464262, 'native_token': 0.007353929458644933, 'usd_balance': 7.46418}, 'polygon': {'usdc': 0.0, 'native_token': 0.0, 'usd_balance': 0.0}, 'base': {'usdc': 2.0, 'native_token': 0.0, 'usd_balance': 1.999978}}, '0x58a4Cae5e8dDA3a5614972F34951e482a29ef0f0': {'ethereum': {'usdc': 0.0, 'native_token': 0.0, 'usd_balance': 0.0}, 'optimism': {'usdc': 0.0, 'native_token': 0.0005, 'usd_balance': 0.0}, 'avalanche': {'usdc': 0.0, 'native_token': 0.0, 'usd_balance': 0.0}, 'arbitrum': {'usdc': 2.0, 'native_token': 0.001, 'usd_balance': 1.999978}, 'polygon': {'usdc': 0.0, 'native_token': 0.0, 'usd_balance': 0.0}, 'base': {'usdc': 0.0, 'native_token': 0.0, 'usd_balance': 0.0}}, 'TOTAL USD VALUE': {'by_network': {'ethereum': 0.0, 'optimism': 24.0, 'avalanche': 0.0, 'arbitrum': 9.46, 'polygon': 0.0, 'base': 2.0}, 'total_usd': 35.46}, 'largest_balance_dict': {'max_wallet': '0x38979DFdB5d8FD76FAD4E797c4660e20015C6a84', 'account_index': 0, 'max_network': 'optimism', 'max_usdc_balance': 24.0}}
2025-04-06 21:03:33,571 - INFO - Largest Balance Info: {'max_wallet': '0x38979DFdB5d8FD76FAD4E797c4660e20015C6a84', 'account_index': 0, 'max_network': 'optimism', 'max_usdc_balance': 24.0}
2025-04-06 22:01:15,954 - INFO - Running batch transfer from file: batch_transfer.json
2025-04-06 22:03:03,749 - INFO - Running batch transfer from file: batch_transfer.json
2025-04-06 22:05:33,757 - INFO - Running batch transfer from file: batch_transfer.json
2025-04-06 22:07:15,370 - INFO - Running batch transfer from file: batch_transfer.json
2025-04-06 22:12:56,472 - INFO - Running batch transfer from file: batch_transfer.json
2025-04-06 22:13:19,982 - ERROR - Transfer to 0x38979DFdB5d8FD76FAD4E797c4660e20015C6a84 failed using 0x38979DFdB5d8FD76FAD4E797c4660e20015C6a84 on arbitrum. Error: Could not transact with/call contract function, is contract deployed correctly and chain synced?
2025-04-06 22:13:27,164 - ERROR - Transfer to 0x38979DFdB5d8FD76FAD4E797c4660e20015C6a84 failed using 0x58a4Cae5e8dDA3a5614972F34951e482a29ef0f0 on arbitrum. Error: list index out of range
2025-04-06 22:13:27,164 - WARNING - No account had sufficient USDC for transfer: 1.0
2025-04-06 22:13:35,053 - ERROR - Transfer to 0x38979DFdB5d8FD76FAD4E797c4660e20015C6a84 failed using 0x38979DFdB5d8FD76FAD4E797c4660e20015C6a84 on optimism. Error: Could not transact with/call contract function, is contract deployed correctly and chain synced?
2025-04-06 22:13:35,054 - WARNING - No account had sufficient USDC for transfer: 1.0
2025-04-06 22:13:42,853 - ERROR - Transfer to 0x38979DFdB5d8FD76FAD4E797c4660e20015C6a84 failed using 0x38979DFdB5d8FD76FAD4E797c4660e20015C6a84 on optimism. Error: Could not transact with/call contract function, is contract deployed correctly and chain synced?
2025-04-06 22:13:50,616 - ERROR - Transfer to 0x38979DFdB5d8FD76FAD4E797c4660e20015C6a84 failed using 0x38979DFdB5d8FD76FAD4E797c4660e20015C6a84 on arbitrum. Error: Could not transact with/call contract function, is contract deployed correctly and chain synced?
2025-04-06 22:13:57,794 - ERROR - Transfer to 0x38979DFdB5d8FD76FAD4E797c4660e20015C6a84 failed using 0x58a4Cae5e8dDA3a5614972F34951e482a29ef0f0 on arbitrum. Error: list index out of range
2025-04-06 22:13:57,794 - WARNING - No account had sufficient USDC for transfer: 1.0
2025-04-06 22:18:33,991 - INFO - Sending single transfer to 0x38979DFdB5d8FD76FAD4E797c4660e20015C6a84 on polygon
2025-04-06 22:21:56,486 - INFO - Sending single transfer to 0x38979DFdB5d8FD76FAD4E797c4660e20015C6a84 on polygon
2025-04-06 22:24:40,235 - INFO - Sending single transfer to 0x38979DFdB5d8FD76FAD4E797c4660e20015C6a84 on polygon
2025-04-06 22:40:07,049 - INFO - Sending single transfer to 0x38979DFdB5d8FD76FAD4E797c4660e20015C6a84 on polygon
2025-04-06 22:44:30,199 - INFO - Sending single transfer to 0x38979DFdB5d8FD76FAD4E797c4660e20015C6a84 on polygon
2025-04-06 22:46:38,166 - INFO - Sending single transfer to 0x38979DFdB5d8FD76FAD4E797c4660e20015C6a84 on polygon
2025-04-06 22:47:37,166 - INFO - Sending single transfer to 0x38979DFdB5d8FD76FAD4E797c4660e20015C6a84 on polygon
2025-04-06 22:47:54,897 - INFO - CCIP messageId (pre-send): 2edc1ab951ba71d579b97d64a246f12e138b975f4c68c3e5263ea1b20591a8cd
2025-04-06 22:47:56,746 - INFO - CCIP Transfer submitted (Type 2): 96fe96d6b90cdeae2daa70491d08bba1afbdaf06831642e761ce9580b40ec4ed | View: https://ccip-bradford-solana-streams-chainlinklabs.vercel.app/tx/0x96fe96d6b90cdeae2daa70491d08bba1afbdaf06831642e761ce9580b40ec4ed
2025-04-06 22:47:56,746 - INFO - CCIP Transfer Submitted: 96fe96d6b90cdeae2daa70491d08bba1afbdaf06831642e761ce9580b40ec4ed, Message ID: 2edc1ab951ba71d579b97d64a246f12e138b975f4c68c3e5263ea1b20591a8cd
2025-04-06 23:41:41,095 - INFO - Running batch transfer from file: batch_transfer.json
2025-04-06 23:42:18,214 - INFO - Running batch transfer from file: batch_transfer.json
2025-04-06 23:42:43,796 - INFO - CCIP messageId (pre-send): 99486ae131058f5939b0e15fa3ce349fa5a44324c3c40bc4f9290c9130c4d9d6
2025-04-06 23:42:45,037 - WARNING - CCIP Transfer d836c4ce8684ead6fffd648294985d93a29843f4cd125ff75369ae71044ffad0 was mined but failed (status=0). Investigate. | View: https://ccip-bradford-solana-streams-chainlinklabs.vercel.app/tx/0xd836c4ce8684ead6fffd648294985d93a29843f4cd125ff75369ae71044ffad0
2025-04-06 23:42:45,038 - INFO - [Dynamic] Sent 1.0 USDC to 0x38979DFdB5d8FD76FAD4E797c4660e20015C6a84 | TX: d836c4ce8684ead6fffd648294985d93a29843f4cd125ff75369ae71044ffad0 | ID: 99486ae131058f5939b0e15fa3ce349fa5a44324c3c40bc4f9290c9130c4d9d6
2025-04-06 23:42:55,075 - INFO - CCIP messageId (pre-send): b5ea83e1eac3f38009ad234a1a3178d21fc344b46e8025ffde87b1e594661c33
2025-04-06 23:42:56,611 - INFO - CCIP Transfer submitted (Type 2): 7f39d2a9f0f11f5c2cbe196beb2c0a4352527366ce595bc721b419fc06f340c0 | View: https://ccip-bradford-solana-streams-chainlinklabs.vercel.app/tx/0x7f39d2a9f0f11f5c2cbe196beb2c0a4352527366ce595bc721b419fc06f340c0
2025-04-06 23:42:56,612 - INFO - [Dynamic] Sent 1.0 USDC to 0x38979DFdB5d8FD76FAD4E797c4660e20015C6a84 | TX: 7f39d2a9f0f11f5c2cbe196beb2c0a4352527366ce595bc721b419fc06f340c0 | ID: b5ea83e1eac3f38009ad234a1a3178d21fc344b46e8025ffde87b1e594661c33
2025-04-06 23:43:07,034 - INFO - CCIP messageId (pre-send): 939042c77ab2a803a263798a0f860bd0a7bddacf2278a80e32148c0392f2fb89
2025-04-06 23:43:08,828 - INFO - CCIP Transfer submitted (Type 2): 4b71d39a21188352313723d4aff050f50db62b5624dc656c4c11f0d4d66f3175 | View: https://ccip-bradford-solana-streams-chainlinklabs.vercel.app/tx/0x4b71d39a21188352313723d4aff050f50db62b5624dc656c4c11f0d4d66f3175
2025-04-06 23:43:08,828 - INFO - [Dynamic] Sent 1.0 USDC to 0x38979DFdB5d8FD76FAD4E797c4660e20015C6a84 | TX: 4b71d39a21188352313723d4aff050f50db62b5624dc656c4c11f0d4d66f3175 | ID: 939042c77ab2a803a263798a0f860bd0a7bddacf2278a80e32148c0392f2fb89
2025-04-06 23:55:50,990 - INFO - Running batch transfer from file: batch_transfer.json
2025-04-06 23:58:48,864 - INFO - Running batch transfer from file: batch_transfer.json
2025-04-06 23:59:14,619 - INFO - CCIP messageId (pre-send): 59c715652cf4346d8a6629dfb9857e0f6034de706077115a762a9785e36d04ec
2025-04-06 23:59:14,759 - INFO - EIP-1559 Transaction Failed: {'code': -32000, 'message': 'intrinsic gas too low'}. Retrying with Legacy Type 0...
2025-04-06 23:59:14,759 - ERROR - [Dynamic] Failed using 0x38979DFdB5d8FD76FAD4E797c4660e20015C6a84 on arbitrum | Error: send_ccip_transfer() got multiple values for argument 'tx_type'
2025-04-06 23:59:27,404 - INFO - CCIP messageId (pre-send): 1575560d0b2bcc3ae7d31a528f3396f78d492f63f0a06ac8d11957c753e922bf
2025-04-06 23:59:27,554 - INFO - EIP-1559 Transaction Failed: {'code': -32000, 'message': 'intrinsic gas too low'}. Retrying with Legacy Type 0...
2025-04-06 23:59:27,555 - ERROR - [Dynamic] Failed using 0x58a4Cae5e8dDA3a5614972F34951e482a29ef0f0 on arbitrum | Error: send_ccip_transfer() got multiple values for argument 'tx_type'
2025-04-07 00:03:20,233 - INFO - Account Data: {'0x38979DFdB5d8FD76FAD4E797c4660e20015C6a84': {'ethereum': {'usdc': 0.0, 'native_token': 0.0, 'usd_balance': 0.0}, 'optimism': {'usdc': 21.0, 'native_token': 0.00079949377648941, 'usd_balance': 20.997795}, 'avalanche': {'usdc': 0.0, 'native_token': 0.0, 'usd_balance': 0.0}, 'arbitrum': {'usdc': 7.464262, 'native_token': 0.007345090576309933, 'usd_balance': 7.463478}, 'polygon': {'usdc': 1.0, 'native_token': 0.0, 'usd_balance': 0.999895}, 'base': {'usdc': 2.0, 'native_token': 0.0, 'usd_balance': 1.99979}}, '0x58a4Cae5e8dDA3a5614972F34951e482a29ef0f0': {'ethereum': {'usdc': 0.0, 'native_token': 0.0, 'usd_balance': 0.0}, 'optimism': {'usdc': 0.0, 'native_token': 0.0005, 'usd_balance': 0.0}, 'avalanche': {'usdc': 0.0, 'native_token': 0.0, 'usd_balance': 0.0}, 'arbitrum': {'usdc': 2.0, 'native_token': 0.000997545234548, 'usd_balance': 1.99979}, 'polygon': {'usdc': 0.0, 'native_token': 0.0, 'usd_balance': 0.0}, 'base': {'usdc': 0.0, 'native_token': 0.0, 'usd_balance': 0.0}}, 'TOTAL USD VALUE': {'by_network': {'ethereum': 0.0, 'optimism': 21.0, 'avalanche': 0.0, 'arbitrum': 9.46, 'polygon': 1.0, 'base': 2.0}, 'total_usd': 33.46}, 'largest_balance_dict': {'max_wallet': '0x38979DFdB5d8FD76FAD4E797c4660e20015C6a84', 'max_network': 'optimism', 'max_usdc_balance': 21.0, 'account_index': 0}}
2025-04-07 00:03:20,236 - INFO - Largest Balance Info: {'max_wallet': '0x38979DFdB5d8FD76FAD4E797c4660e20015C6a84', 'max_network': 'optimism', 'max_usdc_balance': 21.0, 'account_index': 0}
2025-04-07 21:58:47,123 - INFO - Running batch transfer from file: ./data/batch_transfer.json
2025-04-07 21:59:09,605 - INFO - CCIP messageId (pre-send): 3b403d55e01c2779a1847dfd209415b392cebe55ae348cfad9155d01539bcc75
2025-04-07 21:59:10,863 - INFO - CCIP Transfer submitted (Type 2): 76f19f8d5b726368ca26251169bc604914a624259364a4b9d7ad7335670d86aa | View: https://ccip-bradford-solana-streams-chainlinklabs.vercel.app/tx/0x76f19f8d5b726368ca26251169bc604914a624259364a4b9d7ad7335670d86aa
2025-04-07 21:59:10,864 - INFO - [Dynamic] Sent 1.0 USDC to 0x38979DFdB5d8FD76FAD4E797c4660e20015C6a84 | TX: 76f19f8d5b726368ca26251169bc604914a624259364a4b9d7ad7335670d86aa | ID: 3b403d55e01c2779a1847dfd209415b392cebe55ae348cfad9155d01539bcc75
2025-04-07 21:59:31,822 - INFO - CCIP messageId (pre-send): 6a9cc951300d0a7d42435ff7d115e53702845e729ef280139269668b67a8867d
2025-04-07 21:59:34,114 - INFO - CCIP Transfer submitted (Type 2): a71a1972794656eb0f7a97ace68331eb81f78b5b5d16f081ca09786324cca492 | View: https://ccip-bradford-solana-streams-chainlinklabs.vercel.app/tx/0xa71a1972794656eb0f7a97ace68331eb81f78b5b5d16f081ca09786324cca492
2025-04-07 21:59:34,115 - INFO - [Dynamic] Sent 1.0 USDC to 0x38979DFdB5d8FD76FAD4E797c4660e20015C6a84 | TX: a71a1972794656eb0f7a97ace68331eb81f78b5b5d16f081ca09786324cca492 | ID: 6a9cc951300d0a7d42435ff7d115e53702845e729ef280139269668b67a8867d
2025-04-07 21:59:55,425 - INFO - CCIP messageId (pre-send): 20a0c0c651deab895bd7c9e96ee92cba9b27ed84845ebc5dd7c471e21a2e339d
2025-04-07 21:59:57,854 - INFO - CCIP Transfer submitted (Type 2): 8e2d969639bd8af76c667bfb2f973fa527dc7b98481e3d323fb49eb3d353457f | View: https://ccip-bradford-solana-streams-chainlinklabs.vercel.app/tx/0x8e2d969639bd8af76c667bfb2f973fa527dc7b98481e3d323fb49eb3d353457f
2025-04-07 21:59:57,855 - INFO - [Dynamic] Sent 1.0 USDC to 0x38979DFdB5d8FD76FAD4E797c4660e20015C6a84 | TX: 8e2d969639bd8af76c667bfb2f973fa527dc7b98481e3d323fb49eb3d353457f | ID: 20a0c0c651deab895bd7c9e96ee92cba9b27ed84845ebc5dd7c471e21a2e339d
